Added Component: Designator=C1(JP3-C1T)
Added Component: Designator=C2(JP4-C1T)
Added Component: Designator=IC1(JP3-C1T)
Added Component: Designator=IC2(JP3-C1T)
Added Component: Designator=J1(jp2h)
Added Component: Designator=NodeMCU-1(NodeMCU V1.0 ESP-12E)
Added Component: Designator=R1(R1/2W)
Added Component: Designator=R2(R1/2W)
Added Component: Designator=R3(R1/2W)
Added Component: Designator=R4(R1/2W)
Added Component: Designator=R5(RES-1/4W)
Added Component: Designator=Relay1(JP3-C1T)
Added Component: Designator=SW1(SW2)
Added Component: Designator=SW2(SW2)
Added Component: Designator=SW3(SW2)
Added Component: Designator=SW4(SW2)
Added Pin To Net: NetName=GND_IN Pin=C1-1
Added Pin To Net: NetName=220_IN Pin=C1-3
Added Pin To Net: NetName=GND Pin=C2-1
Added Pin To Net: NetName=VCC_5V Pin=C2-2
Added Pin To Net: NetName=SDA Pin=C2-3
Added Pin To Net: NetName=SCL Pin=C2-4
Added Pin To Net: NetName=GND Pin=IC1-1
Added Pin To Net: NetName=DATA_TEM Pin=IC1-2
Added Pin To Net: NetName=VCC Pin=IC1-3
Added Pin To Net: NetName=GND Pin=IC2-1
Added Pin To Net: NetName=DATA_HUM Pin=IC2-2
Added Pin To Net: NetName=VCC Pin=IC2-3
Added Pin To Net: NetName=GND Pin=J1-1
Added Pin To Net: NetName=VCC_5V Pin=J1-2
Added Pin To Net: NetName=VCC Pin=NodeMCU-1-3V3
Added Pin To Net: NetName=VCC Pin=NodeMCU-1-3V3
Added Pin To Net: NetName=VCC Pin=NodeMCU-1-3V3
Added Pin To Net: NetName=OUT_DEAY Pin=NodeMCU-1-D0
Added Pin To Net: NetName=SCL Pin=NodeMCU-1-D1
Added Pin To Net: NetName=SDA Pin=NodeMCU-1-D2
Added Pin To Net: NetName=DATA_HUM Pin=NodeMCU-1-D3
Added Pin To Net: NetName=DATA_TEM Pin=NodeMCU-1-D4
Added Pin To Net: NetName=EXIT Pin=NodeMCU-1-D5
Added Pin To Net: NetName=UP Pin=NodeMCU-1-D6
Added Pin To Net: NetName=DOWN Pin=NodeMCU-1-D7
Added Pin To Net: NetName=SET Pin=NodeMCU-1-D8
Added Pin To Net: NetName=GND Pin=NodeMCU-1-GND
Added Pin To Net: NetName=GND Pin=NodeMCU-1-GND
Added Pin To Net: NetName=GND Pin=NodeMCU-1-GND
Added Pin To Net: NetName=GND Pin=NodeMCU-1-GND
Added Pin To Net: NetName=VCC_5V Pin=NodeMCU-1-VIN
Added Pin To Net: NetName=EXIT Pin=R1-1
Added Pin To Net: NetName=VCC Pin=R1-2
Added Pin To Net: NetName=UP Pin=R2-1
Added Pin To Net: NetName=VCC Pin=R2-2
Added Pin To Net: NetName=DOWN Pin=R3-1
Added Pin To Net: NetName=VCC Pin=R3-2
Added Pin To Net: NetName=SET Pin=R4-1
Added Pin To Net: NetName=VCC Pin=R4-2
Added Pin To Net: NetName=VCC Pin=R5-1
Added Pin To Net: NetName=DATA_TEM Pin=R5-2
Added Pin To Net: NetName=GND Pin=Relay1-1
Added Pin To Net: NetName=VCC_5V Pin=Relay1-2
Added Pin To Net: NetName=OUT_DEAY Pin=Relay1-3
Added Pin To Net: NetName=EXIT Pin=SW1-1
Added Pin To Net: NetName=GND Pin=SW1-2
Added Pin To Net: NetName=UP Pin=SW2-1
Added Pin To Net: NetName=GND Pin=SW2-2
Added Pin To Net: NetName=DOWN Pin=SW3-1
Added Pin To Net: NetName=GND Pin=SW3-2
Added Pin To Net: NetName=SET Pin=SW4-1
Added Pin To Net: NetName=GND Pin=SW4-2
Added Member To Class: ClassName=Sheet1 Member=Component C1 JP3
Added Member To Class: ClassName=Sheet1 Member=Component C2 JP4
Added Member To Class: ClassName=Sheet1 Member=Component IC1 DS18S20
Added Member To Class: ClassName=Sheet1 Member=Component IC2 Humi
Added Member To Class: ClassName=Sheet1 Member=Component J1 Jumper 2
Added Member To Class: ClassName=Sheet1 Member=Component NodeMCU-1 NodeMCU V1.0 ESP-12E
Added Member To Class: ClassName=Sheet1 Member=Component R1 1k
Added Member To Class: ClassName=Sheet1 Member=Component R2 1k
Added Member To Class: ClassName=Sheet1 Member=Component R3 1k
Added Member To Class: ClassName=Sheet1 Member=Component R4 1k
Added Member To Class: ClassName=Sheet1 Member=Component R5 4k7
Added Member To Class: ClassName=Sheet1 Member=Component Relay1 Relay
Added Member To Class: ClassName=Sheet1 Member=Component SW1 Exit
Added Member To Class: ClassName=Sheet1 Member=Component SW2 Up
Added Member To Class: ClassName=Sheet1 Member=Component SW3 Down
Added Member To Class: ClassName=Sheet1 Member=Component SW4 Set
Added Room: Name=Sheet1
